<?xml version="1.0" encoding="UTF-8"?>
<!-- Generated by org.testng.reporters.JUnitXMLReporter -->
<testsuite hostname="Aniss-MacBook-Pro.local" ignored="0" name="Nopackage" tests="1" failures="1" timestamp="24 Apr 2021 15:59:58 GMT" time="5.214" errors="0">
  <testcase name="feature" time="4.933" classname="cucumber.api.testng.AbstractTestNGCucumberTests">
    <failure type="cucumber.runtime.CucumberException" message="java.lang.AssertionError: expected [Amazon.com: Online Shopping for Electronics, Apparel, Computers, Books, DVDs &amp;amp; more] but found [Amazon Registration]">
      <![CDATA[cucumber.runtime.CucumberException: java.lang.AssertionError: expected [Amazon.com: Online Shopping for Electronics, Apparel, Computers, Books, DVDs & more] but found [Amazon Registration]
at cucumber.api.testng.TestNGCucumberRunner.runCucumber(TestNGCucumberRunner.java:69)
at cucumber.api.testng.AbstractTestNGCucumberTests.feature(AbstractTestNGCucumberTests.java:21)
Caused by: java.lang.AssertionError: expected [Amazon.com: Online Shopping for Electronics, Apparel, Computers, Books, DVDs & more] but found [Amazon Registration]
at com.stepdefinition.CreateNewAccountSteps.i_find_a_message_that_says_your_Amazon_account_is_created_successfully(CreateNewAccountSteps.java:68)
at âœ½.Then I find a message that says your Amazon account is created successfully.(NewAccount.feature:11)
... Removed 31 stack frames]]>
    </failure>
  </testcase> <!-- feature -->
</testsuite> <!-- Nopackage -->
